<?xml version="1.0" encoding="UTF-8"?>
<!-- Generated by org.testng.reporters.JUnitReportReporter -->
<testsuite hostname="DESKTOP-H3R6GON" name="com.regression.TestCases.TC_193_AdministerDigoxinWithPulse" tests="2" failures="0" timestamp="3 Aug 2017 10:47:45 GMT" time="69.414" errors="0">
  <testcase name="AdministerDigoxinWithPulse" time="41.575" classname="com.regression.TestCases.TC_193_AdministerDigoxinWithPulse"/>
  <testcase name="verifyAdminsteredReport" time="27.839" classname="com.regression.TestCases.TC_193_AdministerDigoxinWithPulse"/>
</testsuite> <!-- com.regression.TestCases.TC_193_AdministerDigoxinWithPulse -->
