<?xml version="1.0" encoding="UTF-8"?>
<!-- Generated by org.testng.reporters.JUnitReportReporter -->
<testsuite hostname="DESKTOP-H3R6GON" name="com.regression.TestCases.TC_190_AdministerS8_byRN_DiffFacilityRNPin" tests="1" failures="0" timestamp="8 Aug 2017 07:56:25 GMT" time="35.452" errors="0">
  <testcase name="administerS8_byRN_DiffFacilityRNPin" time="35.452" classname="com.regression.TestCases.TC_190_AdministerS8_byRN_DiffFacilityRNPin"/>
</testsuite> <!-- com.regression.TestCases.TC_190_AdministerS8_byRN_DiffFacilityRNPin -->
