<?xml version="1.0" encoding="UTF-8"?>
<!-- Generated by org.testng.reporters.JUnitReportReporter -->
<testsuite hostname="VMH17741" name="com.regression.TestCases.TC_196_AdministerPackedAINReason" tests="2" failures="0" timestamp="31 Jul 2017 11:06:51 GMT" time="35.347" errors="0">
  <testcase name="verifyPackedAdminAIN_Reason" time="28.066" classname="com.regression.TestCases.TC_196_AdministerPackedAINReason"/>
  <testcase name="verifyAdminsteredReport" time="7.281" classname="com.regression.TestCases.TC_196_AdministerPackedAINReason"/>
</testsuite> <!-- com.regression.TestCases.TC_196_AdministerPackedAINReason -->
