<?xml version="1.0" encoding="UTF-8"?>
<!-- Generated by org.testng.reporters.JUnitReportReporter -->
<testsuite hostname="DESKTOP-H3R6GON" name="com.regression.TestCases.TC_203_AdministerS8_byRN" tests="2" failures="0" timestamp="4 Aug 2017 10:04:47 GMT" time="67.374" errors="0">
  <testcase name="administerS8_byRN" time="47.834" classname="com.regression.TestCases.TC_203_AdministerS8_byRN"/>
  <testcase name="verifyAdminsteredReport" time="19.540" classname="com.regression.TestCases.TC_203_AdministerS8_byRN"/>
</testsuite> <!-- com.regression.TestCases.TC_203_AdministerS8_byRN -->
