<?xml version="1.0" encoding="UTF-8"?>
<!-- Generated by org.testng.reporters.JUnitReportReporter -->
<testsuite hostname="VMH17741" name="com.regression.TestCases.TC_35_AdministerNonPackedRN" tests="2" failures="0" timestamp="28 Jul 2017 05:15:14 GMT" time="41.580" errors="0">
  <testcase name="verifyNonPackedAdmin_RN" time="32.304" classname="com.regression.TestCases.TC_35_AdministerNonPackedRN"/>
  <testcase name="verifyAdminsteredReport" time="9.276" classname="com.regression.TestCases.TC_35_AdministerNonPackedRN"/>
</testsuite> <!-- com.regression.TestCases.TC_35_AdministerNonPackedRN -->
