<?xml version="1.0" encoding="UTF-8"?>
<!-- Generated by org.testng.reporters.JUnitReportReporter -->
<testsuite hostname="DESKTOP-H3R6GON" name="com.regression.TestCases.TC_50_AdministerInsulin_byRN" tests="1" failures="0" timestamp="8 Aug 2017 06:54:55 GMT" time="40.561" errors="0">
  <testcase name="administerInsulin_byRN" time="40.561" classname="com.regression.TestCases.TC_50_AdministerInsulin_byRN"/>
</testsuite> <!-- com.regression.TestCases.TC_50_AdministerInsulin_byRN -->
