<?xml version="1.0" encoding="UTF-8"?>
<!-- Generated by org.testng.reporters.JUnitReportReporter -->
<testsuite hostname="VMH17741" name="com.regression.TestCases.TC_197_AdministerPackedAIN_byRN" tests="2" failures="0" timestamp="1 Aug 2017 08:06:48 GMT" time="35.655" errors="0">
  <testcase name="verifyAdminsteredReport" time="9.554" classname="com.regression.TestCases.TC_197_AdministerPackedAIN_byRN"/>
  <testcase name="verifyPackedAdminAIN_byRN" time="26.101" classname="com.regression.TestCases.TC_197_AdministerPackedAIN_byRN"/>
</testsuite> <!-- com.regression.TestCases.TC_197_AdministerPackedAIN_byRN -->
