<?xml version="1.0" encoding="UTF-8"?>
<!-- Generated by org.testng.reporters.JUnitReportReporter -->
<testsuite hostname="ME-Mindfire" name="com.regression.TestCases.TC_94_AddNoteFromDoctorBook_byRN" tests="2" failures="0" timestamp="5 Oct 2017 08:42:39 GMT" time="28.493" errors="0">
  <testcase name="verifyHandOverNoteAccordingToDates" time="0.417" classname="com.regression.TestCases.TC_94_AddNoteFromDoctorBook_byRN"/>
  <testcase name="addNoteFromDoctorBook_byRN" time="28.076" classname="com.regression.TestCases.TC_94_AddNoteFromDoctorBook_byRN"/>
</testsuite> <!-- com.regression.TestCases.TC_94_AddNoteFromDoctorBook_byRN -->
