<?xml version="1.0" encoding="UTF-8"?>
<!-- Generated by org.testng.reporters.JUnitReportReporter -->
<testsuite hostname="ME-Mindfire" name="com.Cases.TestCode.TestSite2" tests="1" failures="0" timestamp="2 Oct 2017 17:25:29 GMT" time="0.028" errors="0">
  <testcase name="testfunctions2" time="0.028" classname="com.Cases.TestCode.TestSite2"/>
</testsuite> <!-- com.Cases.TestCode.TestSite2 -->
