<?xml version="1.0" encoding="UTF-8"?>
<!-- Generated by org.testng.reporters.JUnitReportReporter -->
<testsuite hostname="DESKTOP-H3R6GON" name="com.regression.TestCases.TC_182_AdministerInsulin_DiffRNPin" tests="2" failures="0" timestamp="9 Aug 2017 10:02:14 GMT" time="89.031" errors="0">
  <testcase name="administerInsulin_DiffRNPin" time="65.828" classname="com.regression.TestCases.TC_182_AdministerInsulin_DiffRNPin"/>
  <testcase name="verifyAdminsteredReport" time="23.203" classname="com.regression.TestCases.TC_182_AdministerInsulin_DiffRNPin"/>
</testsuite> <!-- com.regression.TestCases.TC_182_AdministerInsulin_DiffRNPin -->
