<?xml version="1.0" encoding="UTF-8"?>
<!-- Generated by org.testng.reporters.JUnitReportReporter -->
<testsuite hostname="VMH17741" name="com.regression.TestCases.TC_198_AdministerPackedAIN_UnckeckRN" tests="2" failures="0" timestamp="1 Aug 2017 10:28:05 GMT" time="40.399" errors="0">
  <testcase name="verifyPackedAdminAIN_UnckeckRN" time="32.260" classname="com.regression.TestCases.TC_198_AdministerPackedAIN_UnckeckRN"/>
  <testcase name="verifyAdminsteredReport" time="8.139" classname="com.regression.TestCases.TC_198_AdministerPackedAIN_UnckeckRN"/>
</testsuite> <!-- com.regression.TestCases.TC_198_AdministerPackedAIN_UnckeckRN -->
