<?xml version="1.0" encoding="UTF-8"?>
<!-- Generated by org.testng.reporters.JUnitReportReporter -->
<testsuite hostname="ME-Mindfire" name="com.regression.TestCases.TC_20_Add_OBS" tests="1" failures="0" timestamp="25 Sep 2017 11:24:14 GMT" time="42.627" errors="0">
  <testcase name="add_OBS" time="42.627" classname="com.regression.TestCases.TC_20_Add_OBS"/>
</testsuite> <!-- com.regression.TestCases.TC_20_Add_OBS -->
