<?xml version="1.0" encoding="UTF-8"?>
<!-- Generated by org.testng.reporters.JUnitReportReporter -->
<testsuite hostname="DESKTOP-H3R6GON" name="com.regression.TestCases.TC_189_AdministerS8_byAIN_DiffFacilityRNPin" tests="1" failures="0" timestamp="8 Aug 2017 07:32:04 GMT" time="32.475" errors="0">
  <testcase name="administerS8_byAIN_InvalidPin" time="32.475" classname="com.regression.TestCases.TC_189_AdministerS8_byAIN_DiffFacilityRNPin"/>
</testsuite> <!-- com.regression.TestCases.TC_189_AdministerS8_byAIN_DiffFacilityRNPin -->
