<?xml version="1.0" encoding="UTF-8"?>
<!-- Generated by org.testng.reporters.JUnitReportReporter -->
<testsuite hostname="ME-Mindfire" name="com.regression.TestCases.TC_02_VerifyHeadingOutOfDoseRounds" tests="1" failures="0" timestamp="21 Sep 2017 07:10:43 GMT" time="90.068" errors="0">
  <testcase name="verifyMedications_InMainDoseRound" time="90.068" classname="com.regression.TestCases.TC_02_VerifyHeadingOutOfDoseRounds"/>
</testsuite> <!-- com.regression.TestCases.TC_02_VerifyHeadingOutOfDoseRounds -->
