<?xml version="1.0" encoding="UTF-8"?>
<!-- Generated by org.testng.reporters.JUnitReportReporter -->
<testsuite hostname="DESKTOP-H3R6GON" name="com.regression.TestCases.TC_194_AdministerInsulinBGLVerification" tests="1" failures="0" timestamp="2 Aug 2017 15:01:17 GMT" time="65.554" errors="0">
  <testcase name="AdministerInsulinBGLVerification" time="65.554" classname="com.regression.TestCases.TC_194_AdministerInsulinBGLVerification"/>
</testsuite> <!-- com.regression.TestCases.TC_194_AdministerInsulinBGLVerification -->
