<?xml version="1.0" encoding="UTF-8"?>
<!-- Generated by org.testng.reporters.JUnitReportReporter -->
<testsuite hostname="DESKTOP-H3R6GON" name="com.regression.TestCases.TC_188_AdministerS8_byAIN_DiffFacilityAINPin" tests="1" failures="0" timestamp="8 Aug 2017 07:47:30 GMT" time="36.353" errors="0">
  <testcase name="administerS8_byAIN_InvalidPin" time="36.353" classname="com.regression.TestCases.TC_188_AdministerS8_byAIN_DiffFacilityAINPin"/>
</testsuite> <!-- com.regression.TestCases.TC_188_AdministerS8_byAIN_DiffFacilityAINPin -->
