<?xml version="1.0" encoding="UTF-8"?>
<!-- Generated by org.testng.reporters.JUnitReportReporter -->
<testsuite hostname="VMH17741" name="com.regression.TestCases.TC_89_LoginAndVerify" tests="1" failures="0" timestamp="24 Jul 2017 06:47:38 GMT" time="11.719" errors="0">
  <testcase name="verifyLogin" time="11.719" classname="com.regression.TestCases.TC_89_LoginAndVerify"/>
</testsuite> <!-- com.regression.TestCases.TC_89_LoginAndVerify -->
