<?xml version="1.0" encoding="UTF-8"?>
<!-- Generated by org.testng.reporters.JUnitReportReporter -->
<testsuite hostname="VMH17741" name="com.regression.TestCases.TC_31_AdminsterPackedRN" tests="2" failures="0" timestamp="27 Jul 2017 11:05:17 GMT" time="35.059" errors="0">
  <testcase name="verifyAdminsteredReport" time="8.001" classname="com.regression.TestCases.TC_31_AdminsterPackedRN"/>
  <testcase name="verifyPackedAdmin_RN" time="27.058" classname="com.regression.TestCases.TC_31_AdminsterPackedRN"/>
</testsuite> <!-- com.regression.TestCases.TC_31_AdminsterPackedRN -->
