<?xml version="1.0" encoding="UTF-8"?>
<!-- Generated by org.testng.reporters.JUnitReportReporter -->
<testsuite hostname="DESKTOP-H3R6GON" name="com.regression.TestCases.TC_183_AdministerInsulin_DiffFacilityRNPin" tests="1" failures="0" timestamp="11 Aug 2017 10:29:04 GMT" time="40.765" errors="0">
  <testcase name="administerInsulin_DiffFacilityRNPin" time="40.765" classname="com.regression.TestCases.TC_183_AdministerInsulin_DiffFacilityRNPin"/>
</testsuite> <!-- com.regression.TestCases.TC_183_AdministerInsulin_DiffFacilityRNPin -->
