<?xml version="1.0" encoding="UTF-8"?>
<!-- Generated by org.testng.reporters.JUnitReportReporter -->
<testsuite hostname="ME-Mindfire" name="com.regression.TestCases.TC_128_AddNewUser_byFM" tests="2" failures="0" timestamp="11 Oct 2017 10:29:41 GMT" time="64.250" errors="0">
  <testcase name="verifyHandOverNoteAccordingToDates" time="16.432" classname="com.regression.TestCases.TC_128_AddNewUser_byFM"/>
  <testcase name="addNewUser_byFM" time="47.818" classname="com.regression.TestCases.TC_128_AddNewUser_byFM"/>
</testsuite> <!-- com.regression.TestCases.TC_128_AddNewUser_byFM -->
