<?xml version="1.0" encoding="UTF-8"?>
<!-- Generated by org.testng.reporters.JUnitReportReporter -->
<testsuite hostname="VMH17741" name="com.regression.TestCases.TC_05_VerifyColorCode" tests="1" failures="0" timestamp="24 Jul 2017 06:47:38 GMT" time="13.104" errors="0">
  <testcase name="verifyColorCode" time="13.104" classname="com.regression.TestCases.TC_05_VerifyColorCode"/>
</testsuite> <!-- com.regression.TestCases.TC_05_VerifyColorCode -->
