<?xml version="1.0" encoding="UTF-8"?>
<!-- Generated by org.testng.reporters.JUnitReportReporter -->
<testsuite hostname="DESKTOP-H3R6GON" name="com.regression.TestCases.TC_187_AdministerPackedS8" tests="2" failures="0" timestamp="4 Aug 2017 11:11:56 GMT" time="42.311" errors="0">
  <testcase name="administerPackedS8" time="33.265" classname="com.regression.TestCases.TC_187_AdministerPackedS8"/>
  <testcase name="verifyAdminsteredReport" time="9.046" classname="com.regression.TestCases.TC_187_AdministerPackedS8"/>
</testsuite> <!-- com.regression.TestCases.TC_187_AdministerPackedS8 -->
