<?xml version="1.0" encoding="UTF-8"?>
<!-- Generated by org.testng.reporters.JUnitReportReporter -->
<testsuite hostname="ME-Mindfire" name="org.nng.test.regression.TestCases.Case1_GoogleSearch" tests="2" failures="0" timestamp="24 Nov 2017 07:40:59 GMT" time="8.990" errors="0">
  <testcase name="collectTheSearchResult" time="5.083" classname="org.nng.test.regression.TestCases.Case1_GoogleSearch"/>
  <testcase name="testGoogleSearch" time="3.907" classname="org.nng.test.regression.TestCases.Case1_GoogleSearch"/>
</testsuite> <!-- org.nng.test.regression.TestCases.Case1_GoogleSearch -->
