<?xml version="1.0" encoding="UTF-8"?>
<!-- Generated by org.testng.reporters.JUnitReportReporter -->
<testsuite hostname="DESKTOP-H3R6GON" name="com.regression.TestCases.TC_41_AdministerS8_asRN_by2ndRN" tests="2" failures="0" timestamp="8 Aug 2017 09:50:47 GMT" time="59.117" errors="0">
  <testcase name="administerS8_asRN_by2ndRN" time="41.639" classname="com.regression.TestCases.TC_41_AdministerS8_asRN_by2ndRN"/>
  <testcase name="verifyAdminsteredReport" time="17.478" classname="com.regression.TestCases.TC_41_AdministerS8_asRN_by2ndRN"/>
</testsuite> <!-- com.regression.TestCases.TC_41_AdministerS8_asRN_by2ndRN -->
