<?xml version="1.0" encoding="UTF-8"?>
<!-- Generated by org.testng.reporters.JUnitReportReporter -->
<testsuite hostname="VMH17741" name="com.regression.TestCases.TC_195_AdministerPackedAINWrongQty" tests="2" failures="0" timestamp="31 Jul 2017 08:28:14 GMT" time="34.864" errors="0">
  <testcase name="verifyPackedAdminAINWrongQTY" time="26.696" classname="com.regression.TestCases.TC_195_AdministerPackedAINWrongQty"/>
  <testcase name="verifyAdminsteredReport" time="8.168" classname="com.regression.TestCases.TC_195_AdministerPackedAINWrongQty"/>
</testsuite> <!-- com.regression.TestCases.TC_195_AdministerPackedAINWrongQty -->
