<?xml version="1.0" encoding="UTF-8"?>
<!-- Generated by org.testng.reporters.JUnitReportReporter -->
<testsuite hostname="ME-Mindfire" name="com.regression.TestCases.TC_129_UpdateUserStatus_byFM" tests="3" failures="0" timestamp="10 Oct 2017 09:19:27 GMT" time="113.094" errors="0">
  <testcase name="updateUserStatus_byFM" time="64.074" classname="com.regression.TestCases.TC_129_UpdateUserStatus_byFM"/>
  <testcase name="verifyChanges" time="26.164" classname="com.regression.TestCases.TC_129_UpdateUserStatus_byFM"/>
  <testcase name="reverting" time="22.856" classname="com.regression.TestCases.TC_129_UpdateUserStatus_byFM"/>
</testsuite> <!-- com.regression.TestCases.TC_129_UpdateUserStatus_byFM -->
