<?xml version="1.0" encoding="UTF-8"?>
<!-- Generated by org.testng.reporters.JUnitReportReporter -->
<testsuite hostname="VMH17741" name="com.regression.TestCases.TC_13_VerifyCloseDoseRound" tests="3" failures="0" timestamp="24 Jul 2017 10:50:40 GMT" time="153.177" errors="0">
  <testcase name="verify_CloseDoseRound_AIN" time="55.807" classname="com.regression.TestCases.TC_13_VerifyCloseDoseRound"/>
  <testcase name="verify_CloseDoseRound_RN" time="54.230" classname="com.regression.TestCases.TC_13_VerifyCloseDoseRound"/>
  <testcase name="verify_CloseDoseRound_FM" time="43.140" classname="com.regression.TestCases.TC_13_VerifyCloseDoseRound"/>
</testsuite> <!-- com.regression.TestCases.TC_13_VerifyCloseDoseRound -->
