<?xml version="1.0" encoding="UTF-8"?>
<!-- Generated by org.testng.reporters.JUnitReportReporter -->
<testsuite hostname="VMH17741" name="com.regression.TestCases.TC_03_VeriffyOutofDoseRound" tests="4" failures="0" timestamp="25 Jul 2017 06:40:27 GMT" time="26.487" errors="0">
  <testcase name="verifySearch_OutofDose" time="2.201" classname="com.regression.TestCases.TC_03_VeriffyOutofDoseRound"/>
  <testcase name="verifySortByRoom_OutofDose" time="1.629" classname="com.regression.TestCases.TC_03_VeriffyOutofDoseRound"/>
  <testcase name="verifySortByName_OutofDose" time="1.667" classname="com.regression.TestCases.TC_03_VeriffyOutofDoseRound"/>
  <testcase name="verifyResidents_OutofDose" time="20.990" classname="com.regression.TestCases.TC_03_VeriffyOutofDoseRound"/>
</testsuite> <!-- com.regression.TestCases.TC_03_VeriffyOutofDoseRound -->
