<?xml version="1.0" encoding="UTF-8"?>
<!-- Generated by org.testng.reporters.JUnitReportReporter -->
<testsuite hostname="ME-Mindfire" name="com.regression.TestCases.TC_147_AddHandoverNoteFromDoseRound_byRN" tests="2" failures="0" timestamp="22 Sep 2017 08:50:13 GMT" time="65.537" errors="0">
  <testcase name="addHandoverNoteFromDoseRound_byRN" time="44.917" classname="com.regression.TestCases.TC_147_AddHandoverNoteFromDoseRound_byRN"/>
  <testcase name="verifyHandOverNote" time="20.620" classname="com.regression.TestCases.TC_147_AddHandoverNoteFromDoseRound_byRN"/>
</testsuite> <!-- com.regression.TestCases.TC_147_AddHandoverNoteFromDoseRound_byRN -->
