<?xml version="1.0" encoding="UTF-8"?>
<!-- Generated by org.testng.reporters.JUnitReportReporter -->
<testsuite hostname="DESKTOP-H3R6GON" name="com.regression.TestCases.TC_181_AdministerInsulin_DiffFacilityAINPin" tests="1" failures="0" timestamp="9 Aug 2017 06:38:59 GMT" time="49.622" errors="0">
  <testcase name="administerInsulin_DiffFacilityAINPin" time="49.622" classname="com.regression.TestCases.TC_181_AdministerInsulin_DiffFacilityAINPin"/>
</testsuite> <!-- com.regression.TestCases.TC_181_AdministerInsulin_DiffFacilityAINPin -->
