<?xml version="1.0" encoding="UTF-8"?>
<!-- Generated by org.testng.reporters.JUnitReportReporter -->
<testsuite hostname="VMH17741" name="com.regression.TestCases.TC_11_OpenDoseVerification" tests="5" failures="0" timestamp="25 Jul 2017 06:39:08 GMT" time="19.462" errors="0">
  <testcase name="verifySearch" time="1.212" classname="com.regression.TestCases.TC_11_OpenDoseVerification"/>
  <testcase name="verifySortByRoom" time="0.522" classname="com.regression.TestCases.TC_11_OpenDoseVerification"/>
  <testcase name="verifyAllResidentsAvailability" time="3.013" classname="com.regression.TestCases.TC_11_OpenDoseVerification"/>
  <testcase name="openDoseVerification" time="14.105" classname="com.regression.TestCases.TC_11_OpenDoseVerification"/>
  <testcase name="verifySortByName" time="0.610" classname="com.regression.TestCases.TC_11_OpenDoseVerification"/>
</testsuite> <!-- com.regression.TestCases.TC_11_OpenDoseVerification -->
