<?xml version="1.0" encoding="UTF-8"?>
<!-- Generated by org.testng.reporters.JUnitReportReporter -->
<testsuite hostname="ME-Mindfire" name="org.nng.test.regression.TestCases.Case2_GoogleSearch_WithTestData" tests="2" failures="0" timestamp="24 Nov 2017 08:07:41 GMT" time="4.883" errors="0">
  <testcase name="collectTheSearchResult" time="1.318" classname="org.nng.test.regression.TestCases.Case2_GoogleSearch_WithTestData"/>
  <testcase name="testGoogleSearch" time="3.565" classname="org.nng.test.regression.TestCases.Case2_GoogleSearch_WithTestData"/>
</testsuite> <!-- org.nng.test.regression.TestCases.Case2_GoogleSearch_WithTestData -->
