<?xml version="1.0" encoding="UTF-8"?>
<!-- Generated by org.testng.reporters.JUnitReportReporter -->
<testsuite hostname="VMH17741" name="com.TestCases.BHS_TestCode" tests="1" failures="0" timestamp="19 Jul 2017 06:03:11 GMT" time="164.726" errors="0">
  <testcase name="TestBHS_SiteMon" time="164.726" classname="com.TestCases.BHS_TestCode"/>
</testsuite> <!-- com.TestCases.BHS_TestCode -->
