<?xml version="1.0" encoding="UTF-8"?>
<!-- Generated by org.testng.reporters.JUnitReportReporter -->
<testsuite hostname="ME-Mindfire" name="com.regression.TestCases.TC_149_SearchTheResidentWithOrWithoutHandoverNotes_byRN" tests="2" failures="0" timestamp="26 Sep 2017 09:02:19 GMT" time="173.326" errors="0">
  <testcase name="verifyHandOverNoteAccordingToDates" time="41.268" classname="com.regression.TestCases.TC_149_SearchTheResidentWithOrWithoutHandoverNotes_byRN"/>
  <testcase name="searchTheResidentWithOrWithoutHandoverNotes_byRN" time="132.058" classname="com.regression.TestCases.TC_149_SearchTheResidentWithOrWithoutHandoverNotes_byRN"/>
</testsuite> <!-- com.regression.TestCases.TC_149_SearchTheResidentWithOrWithoutHandoverNotes_byRN -->
