<?xml version="1.0" encoding="UTF-8"?>
<!-- Generated by org.testng.reporters.JUnitReportReporter -->
<testsuite hostname="VMH17741" name="com.regression.TestCases.TC_201_ODROldDateResident" tests="1" failures="0" timestamp="25 Jul 2017 12:47:15 GMT" time="22.940" errors="0">
  <testcase name="verifyODR_ResidentForOldDate" time="22.940" classname="com.regression.TestCases.TC_201_ODROldDateResident"/>
</testsuite> <!-- com.regression.TestCases.TC_201_ODROldDateResident -->
