<?xml version="1.0" encoding="UTF-8"?>
<!-- Generated by org.testng.reporters.JUnitReportReporter -->
<testsuite hostname="VMH17741" name="com.regression.TestCases.TC_202_ODRVerifyForFutureDates" tests="2" failures="0" timestamp="27 Jul 2017 13:20:55 GMT" time="55.003" errors="0">
  <testcase name="verifyODR_ResidentForFutureDate_RN" time="27.226" classname="com.regression.TestCases.TC_202_ODRVerifyForFutureDates"/>
  <testcase name="verifyODR_ResidentForFuturePastDate_FM" time="27.777" classname="com.regression.TestCases.TC_202_ODRVerifyForFutureDates"/>
</testsuite> <!-- com.regression.TestCases.TC_202_ODRVerifyForFutureDates -->
