<?xml version="1.0" encoding="UTF-8"?>
<!-- Generated by org.testng.reporters.JUnitReportReporter -->
<testsuite hostname="DESKTOP-H3R6GON" name="com.regression.TestCases.TC_192_AdministerS8_byRN" tests="2" failures="0" timestamp="8 Aug 2017 06:49:33 GMT" time="63.172" errors="0">
  <testcase name="administerS8_byRN" time="45.549" classname="com.regression.TestCases.TC_192_AdministerS8_byRN"/>
  <testcase name="verifyAdminsteredReport" time="17.623" classname="com.regression.TestCases.TC_192_AdministerS8_byRN"/>
</testsuite> <!-- com.regression.TestCases.TC_192_AdministerS8_byRN -->
