<?xml version="1.0" encoding="UTF-8"?>
<!-- Generated by org.testng.reporters.JUnitReportReporter -->
<testsuite hostname="ME-Mindfire" name="com.regression.TestCases.TC_148_AddHandoverNoteFromOutOfDoseRound_byRN" tests="2" failures="0" timestamp="22 Sep 2017 09:07:56 GMT" time="73.347" errors="0">
  <testcase name="verifyHandOverNote" time="22.476" classname="com.regression.TestCases.TC_148_AddHandoverNoteFromOutOfDoseRound_byRN"/>
  <testcase name="addHandoverNoteFromOutOfDoseRound_byRN" time="50.871" classname="com.regression.TestCases.TC_148_AddHandoverNoteFromOutOfDoseRound_byRN"/>
</testsuite> <!-- com.regression.TestCases.TC_148_AddHandoverNoteFromOutOfDoseRound_byRN -->
