<?xml version="1.0" encoding="UTF-8"?>
<!-- Generated by org.testng.reporters.JUnitReportReporter -->
<testsuite hostname="DESKTOP-H3R6GON" name="com.regression.TestCases.TC_191_AdministerS8_byRN_InvalidPin" tests="1" failures="0" timestamp="8 Aug 2017 07:06:46 GMT" time="35.931" errors="0">
  <testcase name="administerS8_byRN_InvalidPin" time="35.931" classname="com.regression.TestCases.TC_191_AdministerS8_byRN_InvalidPin"/>
</testsuite> <!-- com.regression.TestCases.TC_191_AdministerS8_byRN_InvalidPin -->
