<?xml version="1.0" encoding="UTF-8"?>
<!-- Generated by org.testng.reporters.JUnitReportReporter -->
<testsuite hostname="VMH17741" name="com.regression.TestCases.TC_38_AdministerNonPackedRNReason" tests="2" failures="0" timestamp="28 Jul 2017 07:31:34 GMT" time="35.527" errors="0">
  <testcase name="verifyAdminsteredReport" time="7.468" classname="com.regression.TestCases.TC_38_AdministerNonPackedRNReason"/>
  <testcase name="verifyNonPackedAdminRN_Reason" time="28.059" classname="com.regression.TestCases.TC_38_AdministerNonPackedRNReason"/>
</testsuite> <!-- com.regression.TestCases.TC_38_AdministerNonPackedRNReason -->
