<?xml version="1.0" encoding="UTF-8"?>
<!-- Generated by org.testng.reporters.JUnitReportReporter -->
<testsuite hostname="DESKTOP-H3R6GON" name="com.regression.TestCases.TC_49_AdministerS8_byAIN" tests="2" failures="0" timestamp="4 Aug 2017 07:30:53 GMT" time="64.911" errors="0">
  <testcase name="administerS8_byAIN" time="45.297" classname="com.regression.TestCases.TC_49_AdministerS8_byAIN"/>
  <testcase name="verifyAdminsteredReport" time="19.614" classname="com.regression.TestCases.TC_49_AdministerS8_byAIN"/>
</testsuite> <!-- com.regression.TestCases.TC_49_AdministerS8_byAIN -->
