<?xml version="1.0" encoding="UTF-8"?>
<!-- Generated by org.testng.reporters.JUnitReportReporter -->
<testsuite hostname="ME-Mindfire" name="com.regression.TestCases.TC_151_SearchHandoverNotesByChangingTheDates_byRN" tests="2" failures="0" timestamp="25 Sep 2017 11:48:42 GMT" time="55.988" errors="0">
  <testcase name="addHandoverNoteFromHandOverMenu_byRN" time="28.092" classname="com.regression.TestCases.TC_151_SearchHandoverNotesByChangingTheDates_byRN"/>
  <testcase name="verifyHandOverNoteAccordingToDates" time="27.896" classname="com.regression.TestCases.TC_151_SearchHandoverNotesByChangingTheDates_byRN"/>
</testsuite> <!-- com.regression.TestCases.TC_151_SearchHandoverNotesByChangingTheDates_byRN -->
