<?xml version="1.0" encoding="UTF-8"?>
<!-- Generated by org.testng.reporters.JUnitReportReporter -->
<testsuite hostname="VMH17741" name="com.regression.TestCases.TC_22_AdministerNonPackedAIN" tests="2" failures="0" timestamp="31 Jul 2017 10:26:54 GMT" time="40.549" errors="0">
  <testcase name="verifyAdminsteredReport" time="8.849" classname="com.regression.TestCases.TC_22_AdministerNonPackedAIN"/>
  <testcase name="verifyNonPackedAdminAIN" time="31.700" classname="com.regression.TestCases.TC_22_AdministerNonPackedAIN"/>
</testsuite> <!-- com.regression.TestCases.TC_22_AdministerNonPackedAIN -->
