<?xml version="1.0" encoding="UTF-8"?>
<!-- Generated by org.testng.reporters.JUnitReportReporter -->
<testsuite hostname="VMH17741" name="com.regression.TestCases.TC_04_VerifyDoseTimeForTomorrow" tests="1" failures="0" timestamp="25 Jul 2017 09:40:35 GMT" time="23.611" errors="0">
  <testcase name="verify_DoseTimeTomorrow" time="23.611" classname="com.regression.TestCases.TC_04_VerifyDoseTimeForTomorrow"/>
</testsuite> <!-- com.regression.TestCases.TC_04_VerifyDoseTimeForTomorrow -->
